<?xml version="1.0" encoding="UTF-8"?>
<!-- Generated by org.testng.reporters.JUnitXMLReporter -->
<testsuite ignored="0" hostname="MIZAN-HP-WIN" failures="0" tests="3" name="Clock_Test" time="4.847" errors="0" timestamp="2022-10-31T13:26:19 BDT">
  <testcase classname="testModule.Clock_TestCase" name="VefifyAlarmOfClock" time="2.212"/>
  <testcase classname="testModule.Clock_TestCase" name="VefifyTimerOfClock" time="1.181"/>
  <testcase classname="testModule.Clock_TestCase" name="VefifyStopwatchOfClock" time="1.167"/>
</testsuite> <!-- Clock_Test -->
