<?xml version="1.0" encoding="UTF-8"?>
<!-- Generated by org.testng.reporters.JUnitXMLReporter -->
<testsuite ignored="0" hostname="MIZAN-HP-WIN" failures="0" tests="3" name="Default test" time="4.764" errors="0" timestamp="2022-10-31T13:21:48 BDT">
  <testcase classname="testModule.Clock_TestCase" name="VefifyAlarmOfClock" time="2.145"/>
  <testcase classname="testModule.Clock_TestCase" name="VefifyTimerOfClock" time="1.168"/>
  <testcase classname="testModule.Clock_TestCase" name="VefifyStopwatchOfClock" time="1.158"/>
</testsuite> <!-- Default test -->
