<?xml version="1.0" encoding="UTF-8"?>
<!-- Generated by org.testng.reporters.JUnitXMLReporter -->
<testsuite ignored="0" hostname="MIZAN-HP-WIN" failures="0" tests="3" name="Test" time="4.908" errors="0" timestamp="2022-10-31T13:22:45 BDT">
  <testcase classname="testModule.Clock_TestCase" name="VefifyAlarmOfClock" time="2.2"/>
  <testcase classname="testModule.Clock_TestCase" name="VefifyTimerOfClock" time="1.235"/>
  <testcase classname="testModule.Clock_TestCase" name="VefifyStopwatchOfClock" time="1.177"/>
</testsuite> <!-- Test -->
