<?xml version="1.0" encoding="UTF-8"?>
<!-- Generated by org.testng.reporters.JUnitXMLReporter -->
<testsuite ignored="0" hostname="MIZANUR-HP-WIN10" failures="1" tests="2" name="Testaaaaaaaa" time="2.219" errors="0" timestamp="2022-02-02T14:05:56 BDT">
  <testcase classname="demo_Module1.Demo_TestCase1" name="DemoTestCase_1" time="1.391">
    <failure type="java.lang.AssertionError" message="null">
      <![CDATA[java.lang.AssertionError: null
at demo_Module1.Demo_TestCase1.DemoTestCase_1(Demo_TestCase1.java:36)
at java.base/java.util.ArrayList.forEach(ArrayList.java:1511)
... Removed 29 stack frames]]>
    </failure>
  </testcase> <!-- DemoTestCase_1 -->
  <testcase classname="demo_Module1.Demo_TestCase1" name="LogOut_2" time="0.178"/>
</testsuite> <!-- Testaaaaaaaa -->
