<?xml version="1.0" encoding="UTF-8"?>
<!-- Generated by org.testng.reporters.JUnitXMLReporter -->
<testsuite ignored="4" hostname="DESKTOP-0PTKDOP" failures="0" tests="0" name="OrderEntryToPackage" time="0.045" errors="0" timestamp="2021-10-16T19:53:36 BDT">
  <testcase classname="utility.BaseClass" name="@BeforeSuite BasicSetup" time="0.0">
    <ignored/>
  </testcase> <!-- @BeforeSuite BasicSetup -->
  <testcase classname="utility.BaseClass" name="@BeforeSuite BasicSetup" time="0.0">
    <ignored/>
  </testcase> <!-- @BeforeSuite BasicSetup -->
  <testcase classname="utility.BaseClass" name="@AfterSuite CloseBrowser" time="0.0">
    <ignored/>
  </testcase> <!-- @AfterSuite CloseBrowser -->
  <testcase classname="utility.BaseClass" name="@AfterSuite CloseBrowser" time="0.0">
    <ignored/>
  </testcase> <!-- @AfterSuite CloseBrowser -->
</testsuite> <!-- OrderEntryToPackage -->
