<?xml version="1.0" encoding="UTF-8"?>
<testng-results ignored="0" total="3" passed="3" failed="0" skipped="0">
  <reporter-output>
  </reporter-output>
  <suite started-at="2022-10-31T13:26:14 BDT" name="Clock_Suite" finished-at="2022-10-31T13:26:19 BDT" duration-ms="4847">
    <groups>
    </groups>
    <test started-at="2022-10-31T13:26:14 BDT" name="Clock_Test" finished-at="2022-10-31T13:26:19 BDT" duration-ms="4847">
      <class name="testModule.Clock_TestCase">
        <test-method signature="VefifyAlarmOfClock()[pri:0, instance:testModule.Clock_TestCase@175acfb2]" started-at="2022-10-31T13:26:14 BDT" name="VefifyAlarmOfClock" description="User should be able to open Alarm " finished-at="2022-10-31T13:26:16 BDT" duration-ms="2212" status="PASS">
          <reporter-output>
          </reporter-output>
        </test-method> <!-- VefifyAlarmOfClock -->
        <test-method signature="VefifyTimerOfClock()[pri:1, instance:testModule.Clock_TestCase@175acfb2]" started-at="2022-10-31T13:26:16 BDT" name="VefifyTimerOfClock" description="User should be able to open Timer " finished-at="2022-10-31T13:26:18 BDT" duration-ms="1181" status="PASS">
          <reporter-output>
          </reporter-output>
        </test-method> <!-- VefifyTimerOfClock -->
        <test-method signature="VefifyStopwatchOfClock()[pri:2, instance:testModule.Clock_TestCase@175acfb2]" started-at="2022-10-31T13:26:18 BDT" name="VefifyStopwatchOfClock" description="User should be able to open Stopwatch " finished-at="2022-10-31T13:26:19 BDT" duration-ms="1167" status="PASS">
          <reporter-output>
          </reporter-output>
        </test-method> <!-- VefifyStopwatchOfClock -->
        <test-method is-config="true" signature="CloseBrowser()[pri:0, instance:testModule.Clock_TestCase@175acfb2]" started-at="2022-10-31T13:26:19 BDT" name="CloseBrowser" finished-at="2022-10-31T13:26:19 BDT" duration-ms="0" status="PASS">
          <reporter-output>
          </reporter-output>
        </test-method> <!-- CloseBrowser -->
      </class> <!-- testModule.Clock_TestCase -->
    </test> <!-- Clock_Test -->
  </suite> <!-- Clock_Suite -->
</testng-results>
